Arguments: 
  C:\Program Files\nodejs\node.exe C:\Program Files (x86)\Yarn\bin\yarn.js init

PATH: 
  C:\Users\alifa\Downloads\cmder\vendor\conemu-maximus5\ConEmu\Scripts;C:\Users\alifa\Downloads\cmder\vendor\conemu-maximus5;C:\Users\alifa\Downloads\cmder\vendor\conemu-maximus5\ConEmu;C:\WINDOWS\system32;C:\WINDOWS;C:\WINDOWS\System32\Wbem;C:\WINDOWS\System32\WindowsPowerShell\v1.0\;C:\WINDOWS\System32\OpenSSH\;C:\Program Files (x86)\Yarn\bin\;C:\Program Files (x86)\Git\cmd;C:\src\flutter\bin;C:\xampp\php;C:\composer;C:\Program Files\nodejs\;C:\Program Files\MySQL\MySQL Shell 8.0\bin\;C:\Users\alifa\AppData\Local\Microsoft\WindowsApps;C:\Users\alifa\AppData\Local\atom\bin;C:\Users\alifa\Downloads\nodejs\;C:\Users\alifa\Downloads;C:\Users\alifa\AppData\Local\Programs\Microsoft VS Code\bin;C:\Users\alifa\AppData\Local\Yarn\bin;C:\src\flutter\bin;C:\Program Files\heroku\bin;C:\Users\alifa\AppData\Roaming\Composer\vendor\bin;C:\xampp\mysql\bin;;C:\Users\alifa\AppData\Local\Microsoft\WindowsApps;C:\Users\alifa\AppData\Roaming\npm

Yarn version: 
  1.21.1

Node version: 
  14.15.3

Platform: 
  win32 x64

Trace: 
  Error: canceled
      at Interface.<anonymous> (C:\Program Files (x86)\Yarn\lib\cli.js:136925:13)
      at Interface.emit (events.js:315:20)
      at Interface._ttyWrite (readline.js:875:16)
      at ReadStream.onkeypress (readline.js:213:10)
      at ReadStream.emit (events.js:315:20)
      at emitKeys (internal/readline/utils.js:345:14)
      at emitKeys.next (<anonymous>)
      at ReadStream.onData (readline.js:1144:36)
      at ReadStream.emit (events.js:315:20)
      at addChunk (internal/streams/readable.js:309:12)

npm manifest: 
  No manifest

yarn manifest: 
  No manifest

Lockfile: 
  No lockfile
